<?xml version="1.0" encoding="UTF-8"?>
<testng-results ignored="0" total="3" passed="3" failed="0" skipped="0">
  <reporter-output>
  </reporter-output>
  <suite started-at="2018-03-04T02:04:03Z" name="Default suite" finished-at="2018-03-04T02:04:06Z" duration-ms="3251">
    <groups>
    </groups>
    <test started-at="2018-03-04T02:04:03Z" name="Default test" finished-at="2018-03-04T02:04:06Z" duration-ms="3251">
      <class name="com.actualcare.test.TreatmentDaoTest">
        <test-method is-config="true" signature="beforeTest()[pri:0, instance:com.actualcare.test.TreatmentDaoTest@57250572]" started-at="2018-03-04T02:04:03Z" name="beforeTest" finished-at="2018-03-04T02:04:03Z" duration-ms="11" status="PASS">
          <reporter-output>
          </reporter-output>
        </test-method> <!-- beforeTest -->
        <test-method signature="insertTest()[pri:1, instance:com.actualcare.test.TreatmentDaoTest@57250572]" started-at="2018-03-04T02:04:03Z" name="insertTest" finished-at="2018-03-04T02:04:06Z" duration-ms="2852" status="PASS">
          <reporter-output>
          </reporter-output>
        </test-method> <!-- insertTest -->
        <test-method signature="returnTest()[pri:2, instance:com.actualcare.test.TreatmentDaoTest@57250572]" started-at="2018-03-04T02:04:06Z" name="returnTest" finished-at="2018-03-04T02:04:06Z" duration-ms="182" status="PASS">
          <reporter-output>
          </reporter-output>
        </test-method> <!-- returnTest -->
        <test-method signature="deleteTest()[pri:3, instance:com.actualcare.test.TreatmentDaoTest@57250572]" started-at="2018-03-04T02:04:06Z" name="deleteTest" finished-at="2018-03-04T02:04:06Z" duration-ms="173" status="PASS">
          <reporter-output>
          </reporter-output>
        </test-method> <!-- deleteTest -->
        <test-method is-config="true" signature="afterTest()[pri:0, instance:com.actualcare.test.TreatmentDaoTest@57250572]" started-at="2018-03-04T02:04:06Z" name="afterTest" finished-at="2018-03-04T02:04:06Z" duration-ms="0" status="PASS">
          <reporter-output>
          </reporter-output>
        </test-method> <!-- afterTest -->
      </class> <!-- com.actualcare.test.TreatmentDaoTest -->
    </test> <!-- Default test -->
  </suite> <!-- Default suite -->
</testng-results>
