<?xml version="1.0" encoding="UTF-8"?>
<testng-results ignored="0" total="3" passed="3" failed="0" skipped="0">
  <reporter-output>
  </reporter-output>
  <suite started-at="2018-03-05T18:08:18Z" name="Default suite" finished-at="2018-03-05T18:08:25Z" duration-ms="6782">
    <groups>
    </groups>
    <test started-at="2018-03-05T18:08:18Z" name="Default test" finished-at="2018-03-05T18:08:25Z" duration-ms="6782">
      <class name="com.actualcare.test.TreatmentDaoTest">
        <test-method signature="insertTest()[pri:1, instance:com.actualcare.test.TreatmentDaoTest@5f8edcc5]" started-at="2018-03-05T18:08:18Z" name="insertTest" finished-at="2018-03-05T18:08:24Z" duration-ms="6129" status="PASS">
          <reporter-output>
          </reporter-output>
        </test-method> <!-- insertTest -->
        <test-method signature="returnTest()[pri:2, instance:com.actualcare.test.TreatmentDaoTest@5f8edcc5]" started-at="2018-03-05T18:08:24Z" name="returnTest" finished-at="2018-03-05T18:08:24Z" duration-ms="302" status="PASS">
          <reporter-output>
          </reporter-output>
        </test-method> <!-- returnTest -->
        <test-method signature="deleteTest()[pri:3, instance:com.actualcare.test.TreatmentDaoTest@5f8edcc5]" started-at="2018-03-05T18:08:24Z" name="deleteTest" finished-at="2018-03-05T18:08:25Z" duration-ms="316" status="PASS">
          <reporter-output>
          </reporter-output>
        </test-method> <!-- deleteTest -->
      </class> <!-- com.actualcare.test.TreatmentDaoTest -->
    </test> <!-- Default test -->
  </suite> <!-- Default suite -->
</testng-results>
