<?xml version="1.0" encoding="UTF-8"?>
<!-- Generated by org.testng.reporters.JUnitXMLReporter -->
<testsuite ignored="0" hostname="DESKTOP-SO9273F" failures="0" tests="3" name="Default test" time="3.251" errors="0" timestamp="04 Mar 2018 02:04:06 GMT">
  <testcase classname="com.actualcare.test.TreatmentDaoTest" name="insertTest" time="2.852"/>
  <testcase classname="com.actualcare.test.TreatmentDaoTest" name="returnTest" time="0.182"/>
  <testcase classname="com.actualcare.test.TreatmentDaoTest" name="deleteTest" time="0.173"/>
</testsuite> <!-- Default test -->
