<?xml version="1.0" encoding="UTF-8"?>
<!-- Generated by org.testng.reporters.JUnitXMLReporter -->
<testsuite ignored="0" hostname="DESKTOP-SO9273F" failures="0" tests="3" name="Default test" time="6.782" errors="0" timestamp="05 Mar 2018 18:08:25 GMT">
  <testcase classname="com.actualcare.test.TreatmentDaoTest" name="insertTest" time="6.129"/>
  <testcase classname="com.actualcare.test.TreatmentDaoTest" name="returnTest" time="0.302"/>
  <testcase classname="com.actualcare.test.TreatmentDaoTest" name="deleteTest" time="0.316"/>
</testsuite> <!-- Default test -->
